<?xml version="1.0" encoding="UTF-8"?>
<testsuite xmlns:xsi="http://www.w3.org/2001/XMLSchema-instance" xsi:noNamespaceSchemaLocation="https://maven.apache.org/surefire/maven-surefire-plugin/xsd/surefire-test-report-3.0.xsd" version="3.0" name="com.example.userservice.repository.UserRepositoryTest" time="1.448" tests="6" errors="0" skipped="0" failures="0">
  <properties>
[...]
</properties>
  <testcase name="shouldReturnEmptyWhenUserNotFoundByEmail" classname="com.example.userservice.repository.UserRepositoryTest" time="0.106">
    <system-out><![CDATA[2025-10-31T22:38:30.383+03:00  INFO 28148 --- [           main] t.c.s.AnnotationConfigContextLoaderUtils : Could not detect default configuration classes for test class [com.example.userservice.repository.UserRepositoryTest]: UserRepositoryTest does not declare any static, non-private, non-final, nested classes annotated with @Configuration.
2025-10-31T22:38:30.397+03:00  INFO 28148 --- [           main] .b.t.c.SpringBootTestContextBootstrapper : Found @SpringBootConfiguration com.example.userservice.UserServiceApplication for test class com.example.userservice.repository.UserRepositoryTest

  .   ____          _            __ _ _
 /\\ / ___'_ __ _ _(_)_ __  __ _ \ \ \ \
( ( )\___ | '_ | '_| | '_ \/ _` | \ \ \ \
 \\/  ___)| |_)| | | | | || (_| |  ) ) ) )
  '  |____| .__|_| |_|_| |_\__, | / / / /
 =========|_|==============|___/=/_/_/_/

 :: Spring Boot ::                (v3.3.4)

2025-10-31T22:38:30.413+03:00  INFO 28148 --- [           main] c.e.u.repository.UserRepositoryTest      : Starting UserRepositoryTest using Java 17.0.12 with PID 28148 (started by shere in F:\Aston2)
2025-10-31T22:38:30.413+03:00  INFO 28148 --- [           main] c.e.u.repository.UserRepositoryTest      : No active profile set, falling back to 1 default profile: "default"
2025-10-31T22:38:30.495+03:00  INFO 28148 --- [           main] .s.d.r.c.RepositoryConfigurationDelegate : Bootstrapping Spring Data JPA repositories in DEFAULT mode.
2025-10-31T22:38:30.520+03:00  INFO 28148 --- [           main] .s.d.r.c.RepositoryConfigurationDelegate : Finished Spring Data repository scanning in 20 ms. Found 1 JPA repository interface.
2025-10-31T22:38:30.610+03:00  INFO 28148 --- [           main] o.hibernate.jpa.internal.util.LogHelper  : HHH000204: Processing PersistenceUnitInfo [name: default]
2025-10-31T22:38:30.653+03:00  INFO 28148 --- [           main] org.hibernate.Version                    : HHH000412: Hibernate ORM core version 6.5.3.Final
2025-10-31T22:38:30.675+03:00  INFO 28148 --- [           main] o.h.c.internal.RegionFactoryInitiator    : HHH000026: Second-level cache disabled
2025-10-31T22:38:30.754+03:00  INFO 28148 --- [           main] o.s.o.j.p.SpringPersistenceUnitInfo      : No LoadTimeWeaver setup: ignoring JPA class transformer
2025-10-31T22:38:30.773+03:00  INFO 28148 --- [           main] com.zaxxer.hikari.HikariDataSource       : HikariPool-1 - Starting...
2025-10-31T22:38:30.886+03:00  INFO 28148 --- [           main] com.zaxxer.hikari.pool.HikariPool        : HikariPool-1 - Added connection conn0: url=jdbc:h2:mem:testdb user=SA
2025-10-31T22:38:30.887+03:00  INFO 28148 --- [           main] com.zaxxer.hikari.HikariDataSource       : HikariPool-1 - Start completed.
2025-10-31T22:38:30.901+03:00  WARN 28148 --- [           main] org.hibernate.orm.deprecation            : HHH90000025: H2Dialect does not need to be specified explicitly using 'hibernate.dialect' (remove the property setting and it will be selected by default)
2025-10-31T22:38:31.282+03:00  INFO 28148 --- [           main] o.h.e.t.j.p.i.JtaPlatformInitiator       : HHH000489: No JTA platform available (set 'hibernate.transaction.jta.platform' to enable JTA platform integration)
Hibernate: 
    drop table if exists users cascade 
Hibernate: 
    create table users (
        age integer,
        created_at timestamp(6),
        id bigint generated by default as identity,
        name varchar(100) not null,
        email varchar(255) not null unique,
        primary key (id)
    )
2025-10-31T22:38:31.302+03:00  INFO 28148 --- [           main] j.LocalContainerEntityManagerFactoryBean : Initialized JPA EntityManagerFactory for persistence unit 'default'
2025-10-31T22:38:31.432+03:00  INFO 28148 --- [           main] o.s.d.j.r.query.QueryEnhancerFactory     : Hibernate is in classpath; If applicable, HQL parser will be used.
2025-10-31T22:38:31.652+03:00  INFO 28148 --- [           main] c.e.u.repository.UserRepositoryTest      : Started UserRepositoryTest in 1.254 seconds (process running for 3.277)
Hibernate: 
    select
        u1_0.id,
        u1_0.age,
        u1_0.created_at,
        u1_0.email,
        u1_0.name 
    from
        users u1_0 
    where
        u1_0.email=?
]]></system-out>
  </testcase>
  <testcase name="shouldCheckIfEmailExists" classname="com.example.userservice.repository.UserRepositoryTest" time="0.033">
    <system-out><![CDATA[Hibernate: 
    insert 
    into
        users
        (age, created_at, email, name, id) 
    values
        (?, ?, ?, ?, default)
Hibernate: 
    select
        u1_0.id 
    from
        users u1_0 
    where
        u1_0.email=? 
    fetch
        first ? rows only
]]></system-out>
  </testcase>
  <testcase name="shouldFindUserByEmail" classname="com.example.userservice.repository.UserRepositoryTest" time="0.006">
    <system-out><![CDATA[Hibernate: 
    insert 
    into
        users
        (age, created_at, email, name, id) 
    values
        (?, ?, ?, ?, default)
Hibernate: 
    select
        u1_0.id,
        u1_0.age,
        u1_0.created_at,
        u1_0.email,
        u1_0.name 
    from
        users u1_0 
    where
        u1_0.email=?
]]></system-out>
  </testcase>
  <testcase name="shouldSaveAndFindUser" classname="com.example.userservice.repository.UserRepositoryTest" time="0.008">
    <system-out><![CDATA[Hibernate: 
    insert 
    into
        users
        (age, created_at, email, name, id) 
    values
        (?, ?, ?, ?, default)
]]></system-out>
  </testcase>
  <testcase name="shouldReturnUsersOrderedByCreationDate" classname="com.example.userservice.repository.UserRepositoryTest" time="0.014">
    <system-out><![CDATA[Hibernate: 
    insert 
    into
        users
        (age, created_at, email, name, id) 
    values
        (?, ?, ?, ?, default)
Hibernate: 
    insert 
    into
        users
        (age, created_at, email, name, id) 
    values
        (?, ?, ?, ?, default)
Hibernate: 
    select
        u1_0.id,
        u1_0.age,
        u1_0.created_at,
        u1_0.email,
        u1_0.name 
    from
        users u1_0 
    order by
        u1_0.created_at desc
]]></system-out>
  </testcase>
  <testcase name="shouldReturnFalseWhenEmailDoesNotExist" classname="com.example.userservice.repository.UserRepositoryTest" time="0.003">
    <system-out><![CDATA[Hibernate: 
    select
        u1_0.id 
    from
        users u1_0 
    where
        u1_0.email=? 
    fetch
        first ? rows only
]]></system-out>
  </testcase>
</testsuite>